<?xml version="1.0" encoding="UTF-8"?>
<!-- Generated by org.testng.reporters.JUnitReportReporter -->
<testsuite hostname="Macbook" failures="0" tests="4" name="testcases.ParallelTestExample" time="8.038" errors="0" timestamp="2025-05-18T18:32:03 IST" skipped="0">
  <testcase classname="testcases.ParallelTestExample" name="testB" time="2.010"/>
  <testcase classname="testcases.ParallelTestExample" name="testA" time="2.010"/>
  <testcase classname="testcases.ParallelTestExample" name="testC" time="2.010"/>
  <testcase classname="testcases.ParallelTestExample" name="testD" time="2.008"/>
</testsuite> <!-- testcases.ParallelTestExample -->
