<?xml version="1.0" encoding="UTF-8"?>
<!-- Generated by org.testng.reporters.JUnitReportReporter -->
<testsuite hostname="Macbook" failures="0" tests="1" name="testcases.WholePageAutomation.ScrollingDropDownPageTest" time="4.284" errors="0" timestamp="2025-05-19T16:57:32 IST" skipped="0">
  <testcase classname="testcases.WholePageAutomation.ScrollingDropDownPageTest" name="scrolldropdownTest" time="4.284"/>
</testsuite> <!-- testcases.WholePageAutomation.ScrollingDropDownPageTest -->
