<?xml version="1.0" encoding="UTF-8"?>
<!-- Generated by org.testng.reporters.JUnitReportReporter -->
<testsuite hostname="Macbook" failures="0" tests="1" name="testcases.WholePageAutomation.SliderPageTest" time="6.941" errors="0" timestamp="2025-05-19T13:08:39 IST" skipped="0">
  <testcase classname="testcases.WholePageAutomation.SliderPageTest" name="sliderTest" time="6.941"/>
</testsuite> <!-- testcases.WholePageAutomation.SliderPageTest -->
