<?xml version="1.0" encoding="UTF-8"?>
<!-- Generated by org.testng.reporters.JUnitReportReporter -->
<testsuite hostname="Macbook" failures="0" tests="1" name="testcases.WholePageAutomation.BrokenLinksTest" time="38.985" errors="0" timestamp="2025-05-19T17:38:03 IST" skipped="0">
  <testcase classname="testcases.WholePageAutomation.BrokenLinksTest" name="testBrokenLinks" time="38.985"/>
</testsuite> <!-- testcases.WholePageAutomation.BrokenLinksTest -->
