<?xml version="1.0" encoding="UTF-8"?>
<!-- Generated by org.testng.reporters.JUnitReportReporter -->
<testsuite hostname="Macbook" failures="0" tests="1" name="testcases.HomePageTest" time="14.796" errors="0" timestamp="2025-05-09T12:18:23 IST" skipped="0">
  <testcase classname="testcases.HomePageTest" name="testAlertButtonClick" time="14.796"/>
</testsuite> <!-- testcases.HomePageTest -->
