<?xml version="1.0" encoding="UTF-8"?>
<!-- Generated by org.testng.reporters.JUnitReportReporter -->
<testsuite hostname="Macbook" failures="0" tests="2" name="testcases.TestNGexamples.RegressionTestExample" time="0.004" errors="0" timestamp="2025-05-18T20:48:07 IST" skipped="0">
  <testcase classname="testcases.TestNGexamples.RegressionTestExample" name="verifyTitle" time="0.000"/>
  <testcase classname="testcases.TestNGexamples.RegressionTestExample" name="verifyLinks" time="0.004"/>
</testsuite> <!-- testcases.TestNGexamples.RegressionTestExample -->
