<?xml version="1.0" encoding="UTF-8"?>
<!-- Generated by org.testng.reporters.JUnitReportReporter -->
<testsuite hostname="Macbook" failures="0" tests="1" name="testcases.FormElementsTest" time="6.744" errors="0" timestamp="2025-05-18T20:54:31 IST" skipped="0">
  <testcase classname="testcases.FormElementsTest" name="testFormSubmission" time="6.744"/>
</testsuite> <!-- testcases.FormElementsTest -->
