<?xml version="1.0" encoding="UTF-8"?>
<!-- Generated by org.testng.reporters.JUnitReportReporter -->
<testsuite hostname="Macbook" failures="0" tests="1" name="testcases.WholePageAutomation.LaptopLinksTest" time="31.341" errors="0" timestamp="2025-05-19T17:38:31 IST" skipped="0">
  <testcase classname="testcases.WholePageAutomation.LaptopLinksTest" name="testLaptopLinks" time="31.341"/>
</testsuite> <!-- testcases.WholePageAutomation.LaptopLinksTest -->
